0 info it worked if it ends with ok
1 verbose cli [ '/usr/local/bin/node', '/usr/local/bin/npm', 'publish' ]
2 info using npm@2.7.4
3 info using node@v0.12.2
4 verbose publish [ '.' ]
5 silly cache add args [ '.', null ]
6 verbose cache add spec .
7 silly cache add parsed spec { raw: '.',
7 silly cache add   scope: null,
7 silly cache add   name: null,
7 silly cache add   rawSpec: '.',
7 silly cache add   spec: '/home/aekeus/repos/verdb',
7 silly cache add   type: 'directory' }
8 verbose addLocalDirectory /home/aekeus/.npm/verdb/1.0.0/package.tgz not in flight; packing
9 verbose tar pack [ '/home/aekeus/.npm/verdb/1.0.0/package.tgz',
9 verbose tar pack   '/home/aekeus/repos/verdb' ]
10 verbose tarball /home/aekeus/.npm/verdb/1.0.0/package.tgz
11 verbose folder /home/aekeus/repos/verdb
12 info prepublish verdb@1.0.0
13 verbose addLocalTarball adding from inside cache /home/aekeus/.npm/verdb/1.0.0/package.tgz
14 silly cache afterAdd verdb@1.0.0
15 verbose afterAdd /home/aekeus/.npm/verdb/1.0.0/package/package.json not in flight; writing
16 verbose afterAdd /home/aekeus/.npm/verdb/1.0.0/package/package.json written
17 silly publish { name: 'verdb',
17 silly publish   description: 'database version control',
17 silly publish   version: '1.0.0',
17 silly publish   author: { name: 'Aubrey Keus', email: 'aekeus@gmail.com' },
17 silly publish   homepage: 'https://github.com/aekeus/verdb',
17 silly publish   bugs: { url: 'https://github.com/aekeus/verdb/issues' },
17 silly publish   dependencies:
17 silly publish    { nconf: '>= 0.6.9',
17 silly publish      optimist: '0.6.0',
17 silly publish      temp: '*',
17 silly publish      colors: '*',
17 silly publish      async: '*',
17 silly publish      underscore: '*' },
17 silly publish   keywords: [ 'postgres', 'database', 'version', 'control' ],
17 silly publish   repository:
17 silly publish    { type: 'git',
17 silly publish      url: 'git+https://aekeus@github.com/aekeus/verdb.git#master' },
17 silly publish   bin: { verdb: './bin/verdb' },
17 silly publish   devDependencies: { tap: '~0.4.0' },
17 silly publish   scripts: { test: 'tap ./test' },
17 silly publish   readme: '# purpose\n\nverdb manages the execution of PostgreSQL DDL scripts. It expects to be executed\nin a directory containing list of sub-directories, each of which corresponds\nto a set of changes. The sub-directories must contain an \'up.sql\' and a \'down.sql\'\nscript. (although these filename may be changed)\n\nThe list, and order of the changes, must be maintained in a control file. This file\nis an ordered list of sub-directories. The pointer will reference a single\nsub-directory name contained in this file.\n\nverdb maintains a pointer to the last batch (directory) of ddl scripts that\nexecuted correctly.\n\n# example\n\n```\nverdb init database postgres batches\nverdb status\nverdb up all\nverdb show all\nverdb extract stored_procedure schema.name\n```\n\n```\nverdb gen trigger students --table=students --func=log_students\nverdb gen table instructors --table=instructors\nverdb gen index instructors-index --table=instructors --fields=name,location --schema=sch\n```\n\n# install\n\nWith [npm](https://npmjs.org) do:\n\n```\nsudo npm install verdb -g\n```\n\n# license\n\nMIT\n',
17 silly publish   readmeFilename: 'README.md',
17 silly publish   gitHead: '810d2f59414f810a86b1e938a104183c0ad6e1eb',
17 silly publish   _id: 'verdb@1.0.0',
17 silly publish   _shasum: '97786ff23de672a3232bb915e22a01bee453a796',
17 silly publish   _from: '.' }
18 silly mapToRegistry name verdb
19 silly mapToRegistry using default registry
20 silly mapToRegistry registry https://registry.npmjs.org/
21 silly mapToRegistry uri https://registry.npmjs.org/verdb
22 verbose publish registryBase https://registry.npmjs.org/
23 silly publish uploading /home/aekeus/.npm/verdb/1.0.0/package.tgz
24 verbose request uri https://registry.npmjs.org/verdb
25 verbose request sending authorization for write operation
26 info attempt registry request try #1 at 02:06:03
27 verbose request id 49f9622551c305e2
28 http request PUT https://registry.npmjs.org/verdb
29 http 403 https://registry.npmjs.org/verdb
30 verbose headers { 'content-type': 'application/json',
30 verbose headers   'cache-control': 'max-age=60',
30 verbose headers   'content-length': '95',
30 verbose headers   'accept-ranges': 'bytes',
30 verbose headers   date: 'Tue, 01 Sep 2015 02:06:04 GMT',
30 verbose headers   via: '1.1 varnish',
30 verbose headers   connection: 'keep-alive',
30 verbose headers   'x-served-by': 'cache-jfk1032-JFK',
30 verbose headers   'x-cache': 'MISS',
30 verbose headers   'x-cache-hits': '0',
30 verbose headers   'x-timer': 'S1441073163.684530,VS0,VE358' }
31 verbose request invalidating /home/aekeus/.npm/registry.npmjs.org/verdb on PUT
32 error publish Failed PUT 403
33 verbose stack Error: "You cannot publish over the previously published version 1.0.0." : verdb
33 verbose stack     at CachingRegistryClient.<anonymous> (/usr/local/lib/node_modules/npm/node_modules/npm-registry-client/lib/request.js:247:14)
33 verbose stack     at Request._callback (/usr/local/lib/node_modules/npm/node_modules/npm-registry-client/lib/request.js:170:14)
33 verbose stack     at Request.self.callback (/usr/local/lib/node_modules/npm/node_modules/request/request.js:344:22)
33 verbose stack     at Request.emit (events.js:110:17)
33 verbose stack     at Request.<anonymous> (/usr/local/lib/node_modules/npm/node_modules/request/request.js:1239:14)
33 verbose stack     at Request.emit (events.js:129:20)
33 verbose stack     at IncomingMessage.<anonymous> (/usr/local/lib/node_modules/npm/node_modules/request/request.js:1187:12)
33 verbose stack     at IncomingMessage.emit (events.js:129:20)
33 verbose stack     at _stream_readable.js:908:16
33 verbose stack     at process._tickCallback (node.js:355:11)
34 verbose statusCode 403
35 verbose pkgid verdb
36 verbose cwd /home/aekeus/repos/verdb
37 error Linux 3.13.0-29-generic
38 error argv "/usr/local/bin/node" "/usr/local/bin/npm" "publish"
39 error node v0.12.2
40 error npm  v2.7.4
41 error code E403
42 error "You cannot publish over the previously published version 1.0.0." : verdb
43 error If you need help, you may report this error at:
43 error     <https://github.com/npm/npm/issues>
44 verbose exit [ 1, true ]
